Determining if the pthread_create exist failed with the following output:
Change Dir: /home/ddming/C_CPP/threadpool_cpp/build/CMakeFiles/CMakeTmp

Run Build Command:"/usr/bin/make" "cmTC_7ca83/fast"
/usr/bin/make -f CMakeFiles/cmTC_7ca83.dir/build.make CMakeFiles/cmTC_7ca83.dir/build
make[1]: 进入目录“/home/ddming/C_CPP/threadpool_cpp/build/CMakeFiles/CMakeTmp”
Building C object CMakeFiles/cmTC_7ca83.dir/CheckSymbolExists.c.o
/usr/bin/cc    -o CMakeFiles/cmTC_7ca83.dir/CheckSymbolExists.c.o   -c /home/ddming/C_CPP/threadpool_cpp/build/CMakeFiles/CMakeTmp/CheckSymbolExists.c
Linking C executable cmTC_7ca83
/usr/bin/cmake -E cmake_link_script CMakeFiles/cmTC_7ca83.dir/link.txt --verbose=1
/usr/bin/cc      CMakeFiles/cmTC_7ca83.dir/CheckSymbolExists.c.o  -o cmTC_7ca83 
CMakeFiles/cmTC_7ca83.dir/CheckSymbolExists.c.o：在函数‘main’中：
CheckSymbolExists.c:(.text+0x1b)：对‘pthread_create’未定义的引用
collect2: error: ld returned 1 exit status
CMakeFiles/cmTC_7ca83.dir/build.make:97: recipe for target 'cmTC_7ca83' failed
make[1]: *** [cmTC_7ca83] Error 1
make[1]: 离开目录“/home/ddming/C_CPP/threadpool_cpp/build/CMakeFiles/CMakeTmp”
Makefile:126: recipe for target 'cmTC_7ca83/fast' failed
make: *** [cmTC_7ca83/fast] Error 2

File /home/ddming/C_CPP/threadpool_cpp/build/CMakeFiles/CMakeTmp/CheckSymbolExists.c:
/* */
#include <pthread.h>

int main(int argc, char** argv)
{
  (void)argv;
#ifndef pthread_create
  return ((int*)(&pthread_create))[argc];
#else
  (void)argc;
  return 0;
#endif
}

Determining if the function pthread_create exists in the pthreads failed with the following output:
Change Dir: /home/ddming/C_CPP/threadpool_cpp/build/CMakeFiles/CMakeTmp

Run Build Command:"/usr/bin/make" "cmTC_41443/fast"
/usr/bin/make -f CMakeFiles/cmTC_41443.dir/build.make CMakeFiles/cmTC_41443.dir/build
make[1]: 进入目录“/home/ddming/C_CPP/threadpool_cpp/build/CMakeFiles/CMakeTmp”
Building C object CMakeFiles/cmTC_41443.dir/CheckFunctionExists.c.o
/usr/bin/cc   -DCHECK_FUNCTION_EXISTS=pthread_create   -o CMakeFiles/cmTC_41443.dir/CheckFunctionExists.c.o   -c /usr/share/cmake-3.10/Modules/CheckFunctionExists.c
Linking C executable cmTC_41443
/usr/bin/cmake -E cmake_link_script CMakeFiles/cmTC_41443.dir/link.txt --verbose=1
/usr/bin/cc  -DCHECK_FUNCTION_EXISTS=pthread_create    CMakeFiles/cmTC_41443.dir/CheckFunctionExists.c.o  -o cmTC_41443 -lpthreads 
/usr/bin/ld: 找不到 -lpthreads
collect2: error: ld returned 1 exit status
CMakeFiles/cmTC_41443.dir/build.make:97: recipe for target 'cmTC_41443' failed
make[1]: *** [cmTC_41443] Error 1
make[1]: 离开目录“/home/ddming/C_CPP/threadpool_cpp/build/CMakeFiles/CMakeTmp”
Makefile:126: recipe for target 'cmTC_41443/fast' failed
make: *** [cmTC_41443/fast] Error 2


